2019.09.27 15:41:44
Имя: оле
Телефон: 8(025) 747-4544
Адрес страницы: http://portfolio.local/#

2019.09.27 16:13:31
Имя: Олег
Телефон: 8(025) 770-2693
Адрес страницы: http://portfolio.local/

2019.10.03 11:03:06
name: Олег
email: grundickDJ@mail.ru
message: вав
Адрес страницы: http://portfolio.local/

2019.10.03 12:27:57
name: Олег
email: 01egg@bk.ru
message: Тест
Адрес страницы: http://portfolio.local/

2020.04.03 15:52:47
Имя: екек
Телефон: 8(454) 545-4545
Адрес страницы: http://portfolio.local/

2020.04.03 15:55:12
Имя: тест
Телефон: 8(454) 545-4545
Адрес страницы: http://portfolio.local/?%D0%98%D0%BC%D1%8F=%D0%B5%D0%BA%D0%B5%D0%BA&amp;%D0%A2%D0%B5%D0%BB%D0%B5%D1%84%D0%BE%D0%BD=8%28454%29+545-4545

2020.04.03 16:05:51
Имя: кек
Телефон: 8(454) 545-4545
Адрес страницы: http://portfolio.local/

2020.04.03 16:07:52
Имя: Текст
Телефон: 8(232) 323-2323
Адрес страницы: http://portfolio.local/

2020.04.03 16:08:35
Имя: Олег
Телефон: 8(025) 770-2693
Адрес страницы: http://portfolio.local/?%D0%98%D0%BC%D1%8F=%D0%A2%D0%B5%D0%BA%D1%81%D1%82&amp;%D0%A2%D0%B5%D0%BB%D0%B5%D1%84%D0%BE%D0%BD=8%28232%29+323-2323

2020.04.03 17:06:17
Имя: Олег
Телефон: 8(434) 343-4343
Адрес страницы: http://portfolio.local/

